<?xml version="1.0" encoding="UTF-8"?>
<!-- Generated by org.testng.reporters.JUnitReportReporter -->
<testsuite hostname="DESKTOP-UH2PDS9" failures="0" tests="1" name="generalstore.tests.TC02_NegatifTest" time="18.926" errors="0" timestamp="2023-12-15T20:42:10 MEZ" skipped="0">
  <testcase classname="generalstore.tests.TC02_NegatifTest" name="tc02NegatifTest" time="18.926"/>
</testsuite> <!-- generalstore.tests.TC02_NegatifTest -->
