<?xml version="1.0" encoding="UTF-8"?>
<!-- Generated by org.testng.reporters.JUnitReportReporter -->
<testsuite hostname="DESKTOP-UH2PDS9" failures="0" tests="1" name="generalstore.tests.TC01_PozitifTest" time="60.964" errors="0" timestamp="2023-12-15T20:42:10 MEZ" skipped="0">
  <testcase classname="generalstore.tests.TC01_PozitifTest" name="tc01PozitifTest" time="60.964"/>
</testsuite> <!-- generalstore.tests.TC01_PozitifTest -->
